<?xml version="1.0" encoding="UTF-8"?>
<!-- Generated by org.testng.reporters.JUnitReportReporter -->
<testsuite hostname="DESKTOP-P3OGUBB" failures="0" tests="1" name="Test.AgregarCarritoTest" time="27.322" errors="0" timestamp="2023-04-18T18:04:28 COT" skipped="0">
  <testcase classname="Test.AgregarCarritoTest" name="test" time="27.322"/>
  <system-out/>
</testsuite> <!-- Test.AgregarCarritoTest -->
