<?xml version="1.0" encoding="UTF-8"?>
<!-- Generated by org.testng.reporters.JUnitReportReporter -->
<testsuite hostname="DESKTOP-P3OGUBB" failures="0" tests="1" name="Test.DesloguearseTest" time="26.833" errors="0" timestamp="2023-04-18T18:57:17 COT" skipped="0">
  <testcase classname="Test.DesloguearseTest" name="test" time="26.833"/>
  <system-out/>
</testsuite> <!-- Test.DesloguearseTest -->
