<?xml version="1.0" encoding="UTF-8"?>
<!-- Generated by org.testng.reporters.JUnitReportReporter -->
<testsuite hostname="DESKTOP-P3OGUBB" failures="0" tests="1" name="Test.RegistroLoginExitosoTest" time="17.609" errors="0" timestamp="2023-04-18T16:13:36 COT" skipped="0">
  <testcase classname="Test.RegistroLoginExitosoTest" name="test" time="17.609"/>
  <system-out/>
</testsuite> <!-- Test.RegistroLoginExitosoTest -->
