<?xml version="1.0" encoding="UTF-8"?>
<!-- Generated by org.testng.reporters.JUnitReportReporter -->
<testsuite hostname="DESKTOP-P3OGUBB" failures="0" tests="1" name="Test.EdicionPerfilTest" time="32.791" errors="0" timestamp="2023-04-18T17:32:06 COT" skipped="0">
  <testcase classname="Test.EdicionPerfilTest" name="test" time="32.791"/>
  <system-out/>
</testsuite> <!-- Test.EdicionPerfilTest -->
